  [1m[35m (0.9ms)[0m  [1m[34mSELECT sqlite_version(*)[0m
  [1m[35m (3.8ms)[0m  [1m[35mCREATE TABLE "schema_migrations" ("version" varchar NOT NULL PRIMARY KEY)[0m
  [1m[35m (4.0ms)[0m  [1m[35mCREATE TABLE "ar_internal_metadata" ("key" varchar NOT NULL PRIMARY KEY, "value" varchar, "created_at" datetime(6) NOT NULL, "updated_at" datetime(6) NOT NULL)[0m
  [1m[35m (0.1ms)[0m  [1m[34mSELECT "schema_migrations"."version" FROM "schema_migrations" ORDER BY "schema_migrations"."version" ASC[0m
Migrating to CreateProfiles (20221205230040)
  [1m[36mTRANSACTION (0.1ms)[0m  [1m[36mbegin transaction[0m
  [1m[35m (0.3ms)[0m  [1m[35mCREATE TABLE "profiles" ("id" integer PRIMARY KEY AUTOINCREMENT NOT NULL, "name" varchar, "username" varchar, "passcode" varchar, "image" varchar, "created_at" datetime(6) NOT NULL, "updated_at" datetime(6) NOT NULL)[0m
  [1m[36mActiveRecord::SchemaMigration Create (0.2ms)[0m  [1m[32mINSERT INTO "schema_migrations" ("version") VALUES (?)[0m  [["version", "20221205230040"]]
  [1m[36mTRANSACTION (4.2ms)[0m  [1m[36mcommit transaction[0m
Migrating to CreateGiftDetails (20221205230704)
  [1m[36mTRANSACTION (0.1ms)[0m  [1m[36mbegin transaction[0m
  [1m[35m (0.3ms)[0m  [1m[35mCREATE TABLE "gift_details" ("id" integer PRIMARY KEY AUTOINCREMENT NOT NULL, "detail" varchar, "gift_id" integer, "created_at" datetime(6) NOT NULL, "updated_at" datetime(6) NOT NULL)[0m
  [1m[35m (0.2ms)[0m  [1m[35mCREATE INDEX "index_gift_details_on_gift_id" ON "gift_details" ("gift_id")[0m
  [1m[36mActiveRecord::SchemaMigration Create (0.2ms)[0m  [1m[32mINSERT INTO "schema_migrations" ("version") VALUES (?)[0m  [["version", "20221205230704"]]
  [1m[36mTRANSACTION (4.1ms)[0m  [1m[36mcommit transaction[0m
Migrating to CreateGifts (20221205230721)
  [1m[36mTRANSACTION (0.1ms)[0m  [1m[36mbegin transaction[0m
  [1m[35m (0.3ms)[0m  [1m[35mCREATE TABLE "gifts" ("id" integer PRIMARY KEY AUTOINCREMENT NOT NULL, "name" varchar, "price" integer, "image" varchar, "created_at" datetime(6) NOT NULL, "updated_at" datetime(6) NOT NULL)[0m
  [1m[36mActiveRecord::SchemaMigration Create (0.4ms)[0m  [1m[32mINSERT INTO "schema_migrations" ("version") VALUES (?)[0m  [["version", "20221205230721"]]
  [1m[36mTRANSACTION (4.8ms)[0m  [1m[36mcommit transaction[0m
Migrating to CreateRates (20221205230732)
  [1m[36mTRANSACTION (0.1ms)[0m  [1m[36mbegin transaction[0m
  [1m[35m (0.3ms)[0m  [1m[35mCREATE TABLE "rates" ("id" integer PRIMARY KEY AUTOINCREMENT NOT NULL, "rate" integer, "profile_id" integer, "gift_id" integer, "created_at" datetime(6) NOT NULL, "updated_at" datetime(6) NOT NULL)[0m
  [1m[35m (0.1ms)[0m  [1m[35mCREATE INDEX "index_rates_on_profile_id" ON "rates" ("profile_id")[0m
  [1m[35m (0.2ms)[0m  [1m[35mCREATE INDEX "index_rates_on_gift_id" ON "rates" ("gift_id")[0m
  [1m[36mActiveRecord::SchemaMigration Create (0.2ms)[0m  [1m[32mINSERT INTO "schema_migrations" ("version") VALUES (?)[0m  [["version", "20221205230732"]]
  [1m[36mTRANSACTION (4.0ms)[0m  [1m[36mcommit transaction[0m
Migrating to CreateWishlists (20221205234023)
  [1m[36mTRANSACTION (0.1ms)[0m  [1m[36mbegin transaction[0m
  [1m[35m (0.3ms)[0m  [1m[35mCREATE TABLE "wishlists" ("id" integer PRIMARY KEY AUTOINCREMENT NOT NULL, "profile_id" integer, "gift_id" integer, "created_at" datetime(6) NOT NULL, "updated_at" datetime(6) NOT NULL)[0m
  [1m[35m (0.2ms)[0m  [1m[35mCREATE INDEX "index_wishlists_on_profile_id" ON "wishlists" ("profile_id")[0m
  [1m[35m (0.1ms)[0m  [1m[35mCREATE INDEX "index_wishlists_on_gift_id" ON "wishlists" ("gift_id")[0m
  [1m[36mActiveRecord::SchemaMigration Create (0.2ms)[0m  [1m[32mINSERT INTO "schema_migrations" ("version") VALUES (?)[0m  [["version", "20221205234023"]]
  [1m[36mTRANSACTION (4.4ms)[0m  [1m[36mcommit transaction[0m
  [1m[36mActiveRecord::InternalMetadata Load (0.1ms)[0m  [1m[34mSELECT "ar_internal_metadata".* FROM "ar_internal_metadata" WHERE "ar_internal_metadata"."key" = ? LIMIT ?[0m  [["key", "environment"], ["LIMIT", 1]]
  [1m[36mTRANSACTION (0.1ms)[0m  [1m[36mbegin transaction[0m
  [1m[36mActiveRecord::InternalMetadata Create (0.4ms)[0m  [1m[32mINSERT INTO "ar_internal_metadata" ("key", "value", "created_at", "updated_at") VALUES (?, ?, ?, ?)[0m  [["key", "environment"], ["value", "development"], ["created_at", "2022-12-06 01:08:18.655280"], ["updated_at", "2022-12-06 01:08:18.655280"]]
  [1m[36mTRANSACTION (3.1ms)[0m  [1m[36mcommit transaction[0m
  [1m[35m (0.0ms)[0m  [1m[34mSELECT sqlite_version(*)[0m
  [1m[35m (0.1ms)[0m  [1m[34mSELECT "schema_migrations"."version" FROM "schema_migrations" ORDER BY "schema_migrations"."version" ASC[0m
  [1m[35m (0.5ms)[0m  [1m[34mSELECT sqlite_version(*)[0m
  [1m[35m (0.1ms)[0m  [1m[34mSELECT "schema_migrations"."version" FROM "schema_migrations" ORDER BY "schema_migrations"."version" ASC[0m
  [1m[35m (0.1ms)[0m  [1m[34mSELECT sqlite_version(*)[0m
  [1m[36mTRANSACTION (0.1ms)[0m  [1m[36mbegin transaction[0m
  [1m[36mProfile Create (0.4ms)[0m  [1m[32mINSERT INTO "profiles" ("name", "username", "passcode", "image", "created_at", "updated_at") VALUES (?, ?, ?, ?, ?, ?)[0m  [["name", "Joe"], ["username", "joe123"], ["passcode", "pass123"], ["image", "https://play-lh.googleusercontent.com/VC7rta8PIK3MqmQG5c-F5CNJQ6cCv6Eb-kyBoUcQ2xj83dZVhn7YCj_GIWW8y7TnAMjU=w600-h300-pc0xffffff-pd"], ["created_at", "2022-12-06 01:09:11.538413"], ["updated_at", "2022-12-06 01:09:11.538413"]]
  [1m[36mTRANSACTION (3.1ms)[0m  [1m[36mcommit transaction[0m
  [1m[36mTRANSACTION (0.0ms)[0m  [1m[36mbegin transaction[0m
  [1m[36mProfile Create (0.2ms)[0m  [1m[32mINSERT INTO "profiles" ("name", "username", "passcode", "image", "created_at", "updated_at") VALUES (?, ?, ?, ?, ?, ?)[0m  [["name", "Sam"], ["username", "sam123"], ["passcode", "pass123"], ["image", "https://play-lh.googleusercontent.com/VC7rta8PIK3MqmQG5c-F5CNJQ6cCv6Eb-kyBoUcQ2xj83dZVhn7YCj_GIWW8y7TnAMjU=w600-h300-pc0xffffff-pd"], ["created_at", "2022-12-06 01:09:11.545087"], ["updated_at", "2022-12-06 01:09:11.545087"]]
  [1m[36mTRANSACTION (3.0ms)[0m  [1m[36mcommit transaction[0m
  [1m[36mTRANSACTION (0.1ms)[0m  [1m[36mbegin transaction[0m
  [1m[36mProfile Create (0.2ms)[0m  [1m[32mINSERT INTO "profiles" ("name", "username", "passcode", "image", "created_at", "updated_at") VALUES (?, ?, ?, ?, ?, ?)[0m  [["name", "Kate"], ["username", "kate123"], ["passcode", "pass123"], ["image", "https://play-lh.googleusercontent.com/VC7rta8PIK3MqmQG5c-F5CNJQ6cCv6Eb-kyBoUcQ2xj83dZVhn7YCj_GIWW8y7TnAMjU=w600-h300-pc0xffffff-pd"], ["created_at", "2022-12-06 01:09:11.551516"], ["updated_at", "2022-12-06 01:09:11.551516"]]
  [1m[36mTRANSACTION (3.1ms)[0m  [1m[36mcommit transaction[0m
  [1m[36mTRANSACTION (0.1ms)[0m  [1m[36mbegin transaction[0m
  [1m[36mGift Create (0.2ms)[0m  [1m[32mINSERT INTO "gifts" ("name", "price", "image", "created_at", "updated_at") VALUES (?, ?, ?, ?, ?)[0m  [["name", "Iphone"], ["price", 700], ["image", "https://www.apple.com/v/iphone-14/c/images/overview/selfies/selfie_startframe__ex2suisayck2_large.jpg"], ["created_at", "2022-12-06 01:09:11.565523"], ["updated_at", "2022-12-06 01:09:11.565523"]]
  [1m[36mTRANSACTION (2.9ms)[0m  [1m[36mcommit transaction[0m
  [1m[36mTRANSACTION (0.0ms)[0m  [1m[36mbegin transaction[0m
  [1m[36mGift Create (0.2ms)[0m  [1m[32mINSERT INTO "gifts" ("name", "price", "image", "created_at", "updated_at") VALUES (?, ?, ?, ?, ?)[0m  [["name", "Giftcard"], ["price", 25], ["image", "https://encrypted-tbn0.gstatic.com/images?q=tbn:ANd9GcTyXHwOwz3PMHxZSNH9wg2w1vAQjd4FicmB_1tR__glcxTxp4Z07iPOVwbqzkyr-6qTweA&usqp=CAU"], ["created_at", "2022-12-06 01:09:11.571706"], ["updated_at", "2022-12-06 01:09:11.571706"]]
  [1m[36mTRANSACTION (3.1ms)[0m  [1m[36mcommit transaction[0m
  [1m[36mTRANSACTION (0.1ms)[0m  [1m[36mbegin transaction[0m
  [1m[36mGift Create (0.2ms)[0m  [1m[32mINSERT INTO "gifts" ("name", "price", "image", "created_at", "updated_at") VALUES (?, ?, ?, ?, ?)[0m  [["name", "Shoes"], ["price", 100], ["image", "https://cdn.shopify.com/s/files/1/2358/2817/products/air-jordan-4-retro-fire-red-2020-193982.png?v=1638813158"], ["created_at", "2022-12-06 01:09:11.578147"], ["updated_at", "2022-12-06 01:09:11.578147"]]
  [1m[36mTRANSACTION (2.8ms)[0m  [1m[36mcommit transaction[0m
  [1m[36mTRANSACTION (0.0ms)[0m  [1m[36mbegin transaction[0m
  [1m[36mGift Create (0.2ms)[0m  [1m[32mINSERT INTO "gifts" ("name", "price", "image", "created_at", "updated_at") VALUES (?, ?, ?, ?, ?)[0m  [["name", "Woody"], ["price", 30], ["image", "https://encrypted-tbn0.gstatic.com/images?q=tbn:ANd9GcSBM4L6zad7w4E-1oCC_AwpB1Qlt8_u0-RePA&usqp=CAU"], ["created_at", "2022-12-06 01:09:11.584349"], ["updated_at", "2022-12-06 01:09:11.584349"]]
  [1m[36mTRANSACTION (2.9ms)[0m  [1m[36mcommit transaction[0m
  [1m[36mTRANSACTION (0.1ms)[0m  [1m[36mbegin transaction[0m
  [1m[36mGiftDetail Create (0.3ms)[0m  [1m[32mINSERT INTO "gift_details" ("detail", "gift_id", "created_at", "updated_at") VALUES (?, ?, ?, ?)[0m  [["detail", "Iphone 14"], ["gift_id", 1], ["created_at", "2022-12-06 01:09:11.599626"], ["updated_at", "2022-12-06 01:09:11.599626"]]
  [1m[36mTRANSACTION (5.3ms)[0m  [1m[36mcommit transaction[0m
  [1m[36mTRANSACTION (0.1ms)[0m  [1m[36mbegin transaction[0m
  [1m[36mGiftDetail Create (0.3ms)[0m  [1m[32mINSERT INTO "gift_details" ("detail", "gift_id", "created_at", "updated_at") VALUES (?, ?, ?, ?)[0m  [["detail", "Black"], ["gift_id", 1], ["created_at", "2022-12-06 01:09:11.609428"], ["updated_at", "2022-12-06 01:09:11.609428"]]
  [1m[36mTRANSACTION (4.0ms)[0m  [1m[36mcommit transaction[0m
  [1m[36mTRANSACTION (0.1ms)[0m  [1m[36mbegin transaction[0m
  [1m[36mGiftDetail Create (0.4ms)[0m  [1m[32mINSERT INTO "gift_details" ("detail", "gift_id", "created_at", "updated_at") VALUES (?, ?, ?, ?)[0m  [["detail", "128 GB"], ["gift_id", 1], ["created_at", "2022-12-06 01:09:11.618593"], ["updated_at", "2022-12-06 01:09:11.618593"]]
  [1m[36mTRANSACTION (3.5ms)[0m  [1m[36mcommit transaction[0m
  [1m[36mTRANSACTION (0.0ms)[0m  [1m[36mbegin transaction[0m
  [1m[36mGiftDetail Create (0.3ms)[0m  [1m[32mINSERT INTO "gift_details" ("detail", "gift_id", "created_at", "updated_at") VALUES (?, ?, ?, ?)[0m  [["detail", "Walmart Gift Card"], ["gift_id", 2], ["created_at", "2022-12-06 01:09:11.627861"], ["updated_at", "2022-12-06 01:09:11.627861"]]
  [1m[36mTRANSACTION (3.5ms)[0m  [1m[36mcommit transaction[0m
  [1m[36mTRANSACTION (0.1ms)[0m  [1m[36mbegin transaction[0m
  [1m[36mGiftDetail Create (0.4ms)[0m  [1m[32mINSERT INTO "gift_details" ("detail", "gift_id", "created_at", "updated_at") VALUES (?, ?, ?, ?)[0m  [["detail", "Red"], ["gift_id", 2], ["created_at", "2022-12-06 01:09:11.636129"], ["updated_at", "2022-12-06 01:09:11.636129"]]
  [1m[36mTRANSACTION (3.3ms)[0m  [1m[36mcommit transaction[0m
  [1m[36mTRANSACTION (0.1ms)[0m  [1m[36mbegin transaction[0m
  [1m[36mGiftDetail Create (0.2ms)[0m  [1m[32mINSERT INTO "gift_details" ("detail", "gift_id", "created_at", "updated_at") VALUES (?, ?, ?, ?)[0m  [["detail", "Size 10"], ["gift_id", 3], ["created_at", "2022-12-06 01:09:11.644681"], ["updated_at", "2022-12-06 01:09:11.644681"]]
  [1m[36mTRANSACTION (3.2ms)[0m  [1m[36mcommit transaction[0m
  [1m[36mTRANSACTION (0.0ms)[0m  [1m[36mbegin transaction[0m
  [1m[36mGiftDetail Create (0.3ms)[0m  [1m[32mINSERT INTO "gift_details" ("detail", "gift_id", "created_at", "updated_at") VALUES (?, ?, ?, ?)[0m  [["detail", "Air Jordans Retro"], ["gift_id", 3], ["created_at", "2022-12-06 01:09:11.652241"], ["updated_at", "2022-12-06 01:09:11.652241"]]
  [1m[36mTRANSACTION (3.5ms)[0m  [1m[36mcommit transaction[0m
  [1m[36mTRANSACTION (0.1ms)[0m  [1m[36mbegin transaction[0m
  [1m[36mGiftDetail Create (0.2ms)[0m  [1m[32mINSERT INTO "gift_details" ("detail", "gift_id", "created_at", "updated_at") VALUES (?, ?, ?, ?)[0m  [["detail", "Red"], ["gift_id", 3], ["created_at", "2022-12-06 01:09:11.660336"], ["updated_at", "2022-12-06 01:09:11.660336"]]
  [1m[36mTRANSACTION (3.1ms)[0m  [1m[36mcommit transaction[0m
  [1m[36mTRANSACTION (0.0ms)[0m  [1m[36mbegin transaction[0m
  [1m[36mGiftDetail Create (0.2ms)[0m  [1m[32mINSERT INTO "gift_details" ("detail", "gift_id", "created_at", "updated_at") VALUES (?, ?, ?, ?)[0m  [["detail", "Toy"], ["gift_id", 4], ["created_at", "2022-12-06 01:09:11.670514"], ["updated_at", "2022-12-06 01:09:11.670514"]]
  [1m[36mTRANSACTION (2.9ms)[0m  [1m[36mcommit transaction[0m
  [1m[36mTRANSACTION (0.0ms)[0m  [1m[36mbegin transaction[0m
  [1m[36mGiftDetail Create (0.2ms)[0m  [1m[32mINSERT INTO "gift_details" ("detail", "gift_id", "created_at", "updated_at") VALUES (?, ?, ?, ?)[0m  [["detail", "Small"], ["gift_id", 4], ["created_at", "2022-12-06 01:09:11.676673"], ["updated_at", "2022-12-06 01:09:11.676673"]]
  [1m[36mTRANSACTION (2.8ms)[0m  [1m[36mcommit transaction[0m
  [1m[36mTRANSACTION (0.1ms)[0m  [1m[36mbegin transaction[0m
  [1m[36mRate Create (0.3ms)[0m  [1m[32mINSERT INTO "rates" ("rate", "profile_id", "gift_id", "created_at", "updated_at") VALUES (?, ?, ?, ?, ?)[0m  [["rate", 4], ["profile_id", 1], ["gift_id", 1], ["created_at", "2022-12-06 01:09:11.689668"], ["updated_at", "2022-12-06 01:09:11.689668"]]
  [1m[36mTRANSACTION (3.3ms)[0m  [1m[36mcommit transaction[0m
  [1m[36mTRANSACTION (0.0ms)[0m  [1m[36mbegin transaction[0m
  [1m[36mRate Create (0.3ms)[0m  [1m[32mINSERT INTO "rates" ("rate", "profile_id", "gift_id", "created_at", "updated_at") VALUES (?, ?, ?, ?, ?)[0m  [["rate", 3], ["profile_id", 1], ["gift_id", 4], ["created_at", "2022-12-06 01:09:11.696821"], ["updated_at", "2022-12-06 01:09:11.696821"]]
  [1m[36mTRANSACTION (3.2ms)[0m  [1m[36mcommit transaction[0m
  [1m[36mTRANSACTION (0.0ms)[0m  [1m[36mbegin transaction[0m
  [1m[36mRate Create (0.2ms)[0m  [1m[32mINSERT INTO "rates" ("rate", "profile_id", "gift_id", "created_at", "updated_at") VALUES (?, ?, ?, ?, ?)[0m  [["rate", 5], ["profile_id", 2], ["gift_id", 2], ["created_at", "2022-12-06 01:09:11.703441"], ["updated_at", "2022-12-06 01:09:11.703441"]]
  [1m[36mTRANSACTION (3.1ms)[0m  [1m[36mcommit transaction[0m
  [1m[36mTRANSACTION (0.0ms)[0m  [1m[36mbegin transaction[0m
  [1m[36mRate Create (0.2ms)[0m  [1m[32mINSERT INTO "rates" ("rate", "profile_id", "gift_id", "created_at", "updated_at") VALUES (?, ?, ?, ?, ?)[0m  [["rate", 2], ["profile_id", 2], ["gift_id", 3], ["created_at", "2022-12-06 01:09:11.710299"], ["updated_at", "2022-12-06 01:09:11.710299"]]
  [1m[36mTRANSACTION (3.0ms)[0m  [1m[36mcommit transaction[0m
  [1m[36mTRANSACTION (0.1ms)[0m  [1m[36mbegin transaction[0m
  [1m[36mRate Create (0.3ms)[0m  [1m[32mINSERT INTO "rates" ("rate", "profile_id", "gift_id", "created_at", "updated_at") VALUES (?, ?, ?, ?, ?)[0m  [["rate", 4], ["profile_id", 3], ["gift_id", 3], ["created_at", "2022-12-06 01:09:11.716783"], ["updated_at", "2022-12-06 01:09:11.716783"]]
  [1m[36mTRANSACTION (3.5ms)[0m  [1m[36mcommit transaction[0m
  [1m[35m (0.5ms)[0m  [1m[34mSELECT sqlite_version(*)[0m
  [1m[35m (0.1ms)[0m  [1m[34mSELECT "schema_migrations"."version" FROM "schema_migrations" ORDER BY "schema_migrations"."version" ASC[0m
  [1m[35m (0.0ms)[0m  [1m[34mSELECT sqlite_version(*)[0m
  [1m[36mTRANSACTION (0.1ms)[0m  [1m[36mbegin transaction[0m
  [1m[36mProfile Create (0.2ms)[0m  [1m[32mINSERT INTO "profiles" ("name", "username", "passcode", "image", "created_at", "updated_at") VALUES (?, ?, ?, ?, ?, ?)[0m  [["name", "Joe"], ["username", "joe123"], ["passcode", "pass123"], ["image", "https://play-lh.googleusercontent.com/VC7rta8PIK3MqmQG5c-F5CNJQ6cCv6Eb-kyBoUcQ2xj83dZVhn7YCj_GIWW8y7TnAMjU=w600-h300-pc0xffffff-pd"], ["created_at", "2022-12-06 01:09:48.606845"], ["updated_at", "2022-12-06 01:09:48.606845"]]
  [1m[36mTRANSACTION (4.5ms)[0m  [1m[36mcommit transaction[0m
  [1m[36mTRANSACTION (0.0ms)[0m  [1m[36mbegin transaction[0m
  [1m[36mProfile Create (0.3ms)[0m  [1m[32mINSERT INTO "profiles" ("name", "username", "passcode", "image", "created_at", "updated_at") VALUES (?, ?, ?, ?, ?, ?)[0m  [["name", "Sam"], ["username", "sam123"], ["passcode", "pass123"], ["image", "https://play-lh.googleusercontent.com/VC7rta8PIK3MqmQG5c-F5CNJQ6cCv6Eb-kyBoUcQ2xj83dZVhn7YCj_GIWW8y7TnAMjU=w600-h300-pc0xffffff-pd"], ["created_at", "2022-12-06 01:09:48.614741"], ["updated_at", "2022-12-06 01:09:48.614741"]]
  [1m[36mTRANSACTION (3.1ms)[0m  [1m[36mcommit transaction[0m
  [1m[36mTRANSACTION (0.0ms)[0m  [1m[36mbegin transaction[0m
  [1m[36mProfile Create (0.2ms)[0m  [1m[32mINSERT INTO "profiles" ("name", "username", "passcode", "image", "created_at", "updated_at") VALUES (?, ?, ?, ?, ?, ?)[0m  [["name", "Kate"], ["username", "kate123"], ["passcode", "pass123"], ["image", "https://play-lh.googleusercontent.com/VC7rta8PIK3MqmQG5c-F5CNJQ6cCv6Eb-kyBoUcQ2xj83dZVhn7YCj_GIWW8y7TnAMjU=w600-h300-pc0xffffff-pd"], ["created_at", "2022-12-06 01:09:48.621676"], ["updated_at", "2022-12-06 01:09:48.621676"]]
  [1m[36mTRANSACTION (2.8ms)[0m  [1m[36mcommit transaction[0m
  [1m[36mTRANSACTION (0.0ms)[0m  [1m[36mbegin transaction[0m
  [1m[36mGift Create (0.3ms)[0m  [1m[32mINSERT INTO "gifts" ("name", "price", "image", "created_at", "updated_at") VALUES (?, ?, ?, ?, ?)[0m  [["name", "Iphone"], ["price", 700], ["image", "https://www.apple.com/v/iphone-14/c/images/overview/selfies/selfie_startframe__ex2suisayck2_large.jpg"], ["created_at", "2022-12-06 01:09:48.635109"], ["updated_at", "2022-12-06 01:09:48.635109"]]
  [1m[36mTRANSACTION (3.4ms)[0m  [1m[36mcommit transaction[0m
  [1m[36mTRANSACTION (0.0ms)[0m  [1m[36mbegin transaction[0m
  [1m[36mGift Create (0.3ms)[0m  [1m[32mINSERT INTO "gifts" ("name", "price", "image", "created_at", "updated_at") VALUES (?, ?, ?, ?, ?)[0m  [["name", "Giftcard"], ["price", 25], ["image", "https://encrypted-tbn0.gstatic.com/images?q=tbn:ANd9GcTyXHwOwz3PMHxZSNH9wg2w1vAQjd4FicmB_1tR__glcxTxp4Z07iPOVwbqzkyr-6qTweA&usqp=CAU"], ["created_at", "2022-12-06 01:09:48.641833"], ["updated_at", "2022-12-06 01:09:48.641833"]]
  [1m[36mTRANSACTION (3.2ms)[0m  [1m[36mcommit transaction[0m
  [1m[36mTRANSACTION (0.0ms)[0m  [1m[36mbegin transaction[0m
  [1m[36mGift Create (0.2ms)[0m  [1m[32mINSERT INTO "gifts" ("name", "price", "image", "created_at", "updated_at") VALUES (?, ?, ?, ?, ?)[0m  [["name", "Shoes"], ["price", 100], ["image", "https://cdn.shopify.com/s/files/1/2358/2817/products/air-jordan-4-retro-fire-red-2020-193982.png?v=1638813158"], ["created_at", "2022-12-06 01:09:48.648981"], ["updated_at", "2022-12-06 01:09:48.648981"]]
  [1m[36mTRANSACTION (2.9ms)[0m  [1m[36mcommit transaction[0m
  [1m[36mTRANSACTION (0.0ms)[0m  [1m[36mbegin transaction[0m
  [1m[36mGift Create (0.2ms)[0m  [1m[32mINSERT INTO "gifts" ("name", "price", "image", "created_at", "updated_at") VALUES (?, ?, ?, ?, ?)[0m  [["name", "Woody"], ["price", 30], ["image", "https://encrypted-tbn0.gstatic.com/images?q=tbn:ANd9GcSBM4L6zad7w4E-1oCC_AwpB1Qlt8_u0-RePA&usqp=CAU"], ["created_at", "2022-12-06 01:09:48.655324"], ["updated_at", "2022-12-06 01:09:48.655324"]]
  [1m[36mTRANSACTION (2.9ms)[0m  [1m[36mcommit transaction[0m
  [1m[36mTRANSACTION (0.1ms)[0m  [1m[36mbegin transaction[0m
  [1m[36mGiftDetail Create (0.2ms)[0m  [1m[32mINSERT INTO "gift_details" ("detail", "gift_id", "created_at", "updated_at") VALUES (?, ?, ?, ?)[0m  [["detail", "Iphone 14"], ["gift_id", 5], ["created_at", "2022-12-06 01:09:48.669464"], ["updated_at", "2022-12-06 01:09:48.669464"]]
  [1m[36mTRANSACTION (3.1ms)[0m  [1m[36mcommit transaction[0m
  [1m[36mTRANSACTION (0.1ms)[0m  [1m[36mbegin transaction[0m
  [1m[36mGiftDetail Create (0.2ms)[0m  [1m[32mINSERT INTO "gift_details" ("detail", "gift_id", "created_at", "updated_at") VALUES (?, ?, ?, ?)[0m  [["detail", "Black"], ["gift_id", 5], ["created_at", "2022-12-06 01:09:48.676103"], ["updated_at", "2022-12-06 01:09:48.676103"]]
  [1m[36mTRANSACTION (3.0ms)[0m  [1m[36mcommit transaction[0m
  [1m[36mTRANSACTION (0.1ms)[0m  [1m[36mbegin transaction[0m
  [1m[36mGiftDetail Create (0.2ms)[0m  [1m[32mINSERT INTO "gift_details" ("detail", "gift_id", "created_at", "updated_at") VALUES (?, ?, ?, ?)[0m  [["detail", "128 GB"], ["gift_id", 5], ["created_at", "2022-12-06 01:09:48.682664"], ["updated_at", "2022-12-06 01:09:48.682664"]]
  [1m[36mTRANSACTION (3.0ms)[0m  [1m[36mcommit transaction[0m
  [1m[36mTRANSACTION (0.0ms)[0m  [1m[36mbegin transaction[0m
  [1m[36mGiftDetail Create (0.2ms)[0m  [1m[32mINSERT INTO "gift_details" ("detail", "gift_id", "created_at", "updated_at") VALUES (?, ?, ?, ?)[0m  [["detail", "Walmart Gift Card"], ["gift_id", 6], ["created_at", "2022-12-06 01:09:48.689970"], ["updated_at", "2022-12-06 01:09:48.689970"]]
  [1m[36mTRANSACTION (2.8ms)[0m  [1m[36mcommit transaction[0m
  [1m[36mTRANSACTION (0.0ms)[0m  [1m[36mbegin transaction[0m
  [1m[36mGiftDetail Create (0.2ms)[0m  [1m[32mINSERT INTO "gift_details" ("detail", "gift_id", "created_at", "updated_at") VALUES (?, ?, ?, ?)[0m  [["detail", "Red"], ["gift_id", 6], ["created_at", "2022-12-06 01:09:48.697370"], ["updated_at", "2022-12-06 01:09:48.697370"]]
  [1m[36mTRANSACTION (3.0ms)[0m  [1m[36mcommit transaction[0m
  [1m[36mTRANSACTION (0.0ms)[0m  [1m[36mbegin transaction[0m
  [1m[36mGiftDetail Create (0.3ms)[0m  [1m[32mINSERT INTO "gift_details" ("detail", "gift_id", "created_at", "updated_at") VALUES (?, ?, ?, ?)[0m  [["detail", "Size 10"], ["gift_id", 7], ["created_at", "2022-12-06 01:09:48.703391"], ["updated_at", "2022-12-06 01:09:48.703391"]]
  [1m[36mTRANSACTION (2.7ms)[0m  [1m[36mcommit transaction[0m
  [1m[36mTRANSACTION (0.0ms)[0m  [1m[36mbegin transaction[0m
  [1m[36mGiftDetail Create (0.2ms)[0m  [1m[32mINSERT INTO "gift_details" ("detail", "gift_id", "created_at", "updated_at") VALUES (?, ?, ?, ?)[0m  [["detail", "Air Jordans Retro"], ["gift_id", 7], ["created_at", "2022-12-06 01:09:48.709679"], ["updated_at", "2022-12-06 01:09:48.709679"]]
  [1m[36mTRANSACTION (3.3ms)[0m  [1m[36mcommit transaction[0m
  [1m[36mTRANSACTION (0.1ms)[0m  [1m[36mbegin transaction[0m
  [1m[36mGiftDetail Create (0.2ms)[0m  [1m[32mINSERT INTO "gift_details" ("detail", "gift_id", "created_at", "updated_at") VALUES (?, ?, ?, ?)[0m  [["detail", "Red"], ["gift_id", 7], ["created_at", "2022-12-06 01:09:48.717050"], ["updated_at", "2022-12-06 01:09:48.717050"]]
  [1m[36mTRANSACTION (3.1ms)[0m  [1m[36mcommit transaction[0m
  [1m[36mTRANSACTION (0.0ms)[0m  [1m[36mbegin transaction[0m
  [1m[36mGiftDetail Create (0.2ms)[0m  [1m[32mINSERT INTO "gift_details" ("detail", "gift_id", "created_at", "updated_at") VALUES (?, ?, ?, ?)[0m  [["detail", "Toy"], ["gift_id", 8], ["created_at", "2022-12-06 01:09:48.726910"], ["updated_at", "2022-12-06 01:09:48.726910"]]
  [1m[36mTRANSACTION (2.8ms)[0m  [1m[36mcommit transaction[0m
  [1m[36mTRANSACTION (0.0ms)[0m  [1m[36mbegin transaction[0m
  [1m[36mGiftDetail Create (0.2ms)[0m  [1m[32mINSERT INTO "gift_details" ("detail", "gift_id", "created_at", "updated_at") VALUES (?, ?, ?, ?)[0m  [["detail", "Small"], ["gift_id", 8], ["created_at", "2022-12-06 01:09:48.732814"], ["updated_at", "2022-12-06 01:09:48.732814"]]
  [1m[36mTRANSACTION (3.9ms)[0m  [1m[36mcommit transaction[0m
  [1m[36mTRANSACTION (0.1ms)[0m  [1m[36mbegin transaction[0m
  [1m[36mRate Create (0.3ms)[0m  [1m[32mINSERT INTO "rates" ("rate", "profile_id", "gift_id", "created_at", "updated_at") VALUES (?, ?, ?, ?, ?)[0m  [["rate", 4], ["profile_id", 4], ["gift_id", 5], ["created_at", "2022-12-06 01:09:48.746308"], ["updated_at", "2022-12-06 01:09:48.746308"]]
  [1m[36mTRANSACTION (3.3ms)[0m  [1m[36mcommit transaction[0m
  [1m[36mTRANSACTION (0.0ms)[0m  [1m[36mbegin transaction[0m
  [1m[36mRate Create (0.2ms)[0m  [1m[32mINSERT INTO "rates" ("rate", "profile_id", "gift_id", "created_at", "updated_at") VALUES (?, ?, ?, ?, ?)[0m  [["rate", 3], ["profile_id", 4], ["gift_id", 8], ["created_at", "2022-12-06 01:09:48.753771"], ["updated_at", "2022-12-06 01:09:48.753771"]]
  [1m[36mTRANSACTION (2.9ms)[0m  [1m[36mcommit transaction[0m
  [1m[36mTRANSACTION (0.1ms)[0m  [1m[36mbegin transaction[0m
  [1m[36mRate Create (0.2ms)[0m  [1m[32mINSERT INTO "rates" ("rate", "profile_id", "gift_id", "created_at", "updated_at") VALUES (?, ?, ?, ?, ?)[0m  [["rate", 5], ["profile_id", 5], ["gift_id", 6], ["created_at", "2022-12-06 01:09:48.760161"], ["updated_at", "2022-12-06 01:09:48.760161"]]
  [1m[36mTRANSACTION (2.9ms)[0m  [1m[36mcommit transaction[0m
  [1m[36mTRANSACTION (0.0ms)[0m  [1m[36mbegin transaction[0m
  [1m[36mRate Create (0.3ms)[0m  [1m[32mINSERT INTO "rates" ("rate", "profile_id", "gift_id", "created_at", "updated_at") VALUES (?, ?, ?, ?, ?)[0m  [["rate", 2], ["profile_id", 5], ["gift_id", 7], ["created_at", "2022-12-06 01:09:48.766941"], ["updated_at", "2022-12-06 01:09:48.766941"]]
  [1m[36mTRANSACTION (3.2ms)[0m  [1m[36mcommit transaction[0m
  [1m[36mTRANSACTION (0.1ms)[0m  [1m[36mbegin transaction[0m
  [1m[36mRate Create (0.2ms)[0m  [1m[32mINSERT INTO "rates" ("rate", "profile_id", "gift_id", "created_at", "updated_at") VALUES (?, ?, ?, ?, ?)[0m  [["rate", 4], ["profile_id", 6], ["gift_id", 7], ["created_at", "2022-12-06 01:09:48.774078"], ["updated_at", "2022-12-06 01:09:48.774078"]]
  [1m[36mTRANSACTION (3.1ms)[0m  [1m[36mcommit transaction[0m
  [1m[36mTRANSACTION (0.1ms)[0m  [1m[36mbegin transaction[0m
  [1m[36mWishlist Create (0.3ms)[0m  [1m[32mINSERT INTO "wishlists" ("profile_id", "gift_id", "created_at", "updated_at") VALUES (?, ?, ?, ?)[0m  [["profile_id", 4], ["gift_id", 5], ["created_at", "2022-12-06 01:09:48.788325"], ["updated_at", "2022-12-06 01:09:48.788325"]]
  [1m[36mTRANSACTION (3.3ms)[0m  [1m[36mcommit transaction[0m
  [1m[36mTRANSACTION (0.0ms)[0m  [1m[36mbegin transaction[0m
  [1m[36mWishlist Create (0.2ms)[0m  [1m[32mINSERT INTO "wishlists" ("profile_id", "gift_id", "created_at", "updated_at") VALUES (?, ?, ?, ?)[0m  [["profile_id", 4], ["gift_id", 8], ["created_at", "2022-12-06 01:09:48.796210"], ["updated_at", "2022-12-06 01:09:48.796210"]]
  [1m[36mTRANSACTION (3.3ms)[0m  [1m[36mcommit transaction[0m
  [1m[35m (0.6ms)[0m  [1m[34mSELECT sqlite_version(*)[0m
  [1m[35m (3.9ms)[0m  [1m[35mCREATE TABLE "schema_migrations" ("version" varchar NOT NULL PRIMARY KEY)[0m
  [1m[35m (3.9ms)[0m  [1m[35mCREATE TABLE "ar_internal_metadata" ("key" varchar NOT NULL PRIMARY KEY, "value" varchar, "created_at" datetime(6) NOT NULL, "updated_at" datetime(6) NOT NULL)[0m
  [1m[35m (0.1ms)[0m  [1m[34mSELECT "schema_migrations"."version" FROM "schema_migrations" ORDER BY "schema_migrations"."version" ASC[0m
Migrating to CreateProfiles (20221205230040)
  [1m[36mTRANSACTION (0.1ms)[0m  [1m[36mbegin transaction[0m
  [1m[35m (0.3ms)[0m  [1m[35mCREATE TABLE "profiles" ("id" integer PRIMARY KEY AUTOINCREMENT NOT NULL, "name" varchar, "username" varchar, "passcode" varchar, "image" varchar, "created_at" datetime(6) NOT NULL, "updated_at" datetime(6) NOT NULL)[0m
  [1m[36mActiveRecord::SchemaMigration Create (0.3ms)[0m  [1m[32mINSERT INTO "schema_migrations" ("version") VALUES (?)[0m  [["version", "20221205230040"]]
  [1m[36mTRANSACTION (3.9ms)[0m  [1m[36mcommit transaction[0m
Migrating to CreateGiftDetails (20221205230704)
  [1m[36mTRANSACTION (0.1ms)[0m  [1m[36mbegin transaction[0m
  [1m[35m (0.3ms)[0m  [1m[35mCREATE TABLE "gift_details" ("id" integer PRIMARY KEY AUTOINCREMENT NOT NULL, "detail" varchar, "gift_id" integer, "created_at" datetime(6) NOT NULL, "updated_at" datetime(6) NOT NULL)[0m
  [1m[35m (0.1ms)[0m  [1m[35mCREATE INDEX "index_gift_details_on_gift_id" ON "gift_details" ("gift_id")[0m
  [1m[36mActiveRecord::SchemaMigration Create (0.2ms)[0m  [1m[32mINSERT INTO "schema_migrations" ("version") VALUES (?)[0m  [["version", "20221205230704"]]
  [1m[36mTRANSACTION (4.5ms)[0m  [1m[36mcommit transaction[0m
Migrating to CreateGifts (20221205230721)
  [1m[36mTRANSACTION (0.1ms)[0m  [1m[36mbegin transaction[0m
  [1m[35m (0.2ms)[0m  [1m[35mCREATE TABLE "gifts" ("id" integer PRIMARY KEY AUTOINCREMENT NOT NULL, "name" varchar, "price" integer, "image" varchar, "created_at" datetime(6) NOT NULL, "updated_at" datetime(6) NOT NULL)[0m
  [1m[36mActiveRecord::SchemaMigration Create (0.3ms)[0m  [1m[32mINSERT INTO "schema_migrations" ("version") VALUES (?)[0m  [["version", "20221205230721"]]
  [1m[36mTRANSACTION (4.2ms)[0m  [1m[36mcommit transaction[0m
Migrating to CreateRates (20221205230732)
  [1m[36mTRANSACTION (0.1ms)[0m  [1m[36mbegin transaction[0m
  [1m[35m (0.3ms)[0m  [1m[35mCREATE TABLE "rates" ("id" integer PRIMARY KEY AUTOINCREMENT NOT NULL, "rate" integer, "profile_id" integer, "gift_id" integer, "created_at" datetime(6) NOT NULL, "updated_at" datetime(6) NOT NULL)[0m
  [1m[35m (0.2ms)[0m  [1m[35mCREATE INDEX "index_rates_on_profile_id" ON "rates" ("profile_id")[0m
  [1m[35m (0.1ms)[0m  [1m[35mCREATE INDEX "index_rates_on_gift_id" ON "rates" ("gift_id")[0m
  [1m[36mActiveRecord::SchemaMigration Create (0.1ms)[0m  [1m[32mINSERT INTO "schema_migrations" ("version") VALUES (?)[0m  [["version", "20221205230732"]]
  [1m[36mTRANSACTION (4.2ms)[0m  [1m[36mcommit transaction[0m
Migrating to CreateWishlists (20221205234023)
  [1m[36mTRANSACTION (0.1ms)[0m  [1m[36mbegin transaction[0m
  [1m[35m (0.4ms)[0m  [1m[35mCREATE TABLE "wishlists" ("id" integer PRIMARY KEY AUTOINCREMENT NOT NULL, "profile_id" integer, "gift_id" integer, "created_at" datetime(6) NOT NULL, "updated_at" datetime(6) NOT NULL)[0m
  [1m[35m (0.1ms)[0m  [1m[35mCREATE INDEX "index_wishlists_on_profile_id" ON "wishlists" ("profile_id")[0m
  [1m[35m (0.1ms)[0m  [1m[35mCREATE INDEX "index_wishlists_on_gift_id" ON "wishlists" ("gift_id")[0m
  [1m[36mActiveRecord::SchemaMigration Create (0.1ms)[0m  [1m[32mINSERT INTO "schema_migrations" ("version") VALUES (?)[0m  [["version", "20221205234023"]]
  [1m[36mTRANSACTION (4.7ms)[0m  [1m[36mcommit transaction[0m
  [1m[36mActiveRecord::InternalMetadata Load (0.1ms)[0m  [1m[34mSELECT "ar_internal_metadata".* FROM "ar_internal_metadata" WHERE "ar_internal_metadata"."key" = ? LIMIT ?[0m  [["key", "environment"], ["LIMIT", 1]]
  [1m[36mTRANSACTION (0.1ms)[0m  [1m[36mbegin transaction[0m
  [1m[36mActiveRecord::InternalMetadata Create (0.3ms)[0m  [1m[32mINSERT INTO "ar_internal_metadata" ("key", "value", "created_at", "updated_at") VALUES (?, ?, ?, ?)[0m  [["key", "environment"], ["value", "development"], ["created_at", "2022-12-06 01:10:28.467473"], ["updated_at", "2022-12-06 01:10:28.467473"]]
  [1m[36mTRANSACTION (3.4ms)[0m  [1m[36mcommit transaction[0m
  [1m[35m (0.0ms)[0m  [1m[34mSELECT sqlite_version(*)[0m
  [1m[35m (0.1ms)[0m  [1m[34mSELECT "schema_migrations"."version" FROM "schema_migrations" ORDER BY "schema_migrations"."version" ASC[0m
  [1m[35m (0.5ms)[0m  [1m[34mSELECT sqlite_version(*)[0m
  [1m[35m (0.1ms)[0m  [1m[34mSELECT "schema_migrations"."version" FROM "schema_migrations" ORDER BY "schema_migrations"."version" ASC[0m
  [1m[35m (0.0ms)[0m  [1m[34mSELECT sqlite_version(*)[0m
  [1m[36mTRANSACTION (0.1ms)[0m  [1m[36mbegin transaction[0m
  [1m[36mProfile Create (0.3ms)[0m  [1m[32mINSERT INTO "profiles" ("name", "username", "passcode", "image", "created_at", "updated_at") VALUES (?, ?, ?, ?, ?, ?)[0m  [["name", "Joe"], ["username", "joe123"], ["passcode", "pass123"], ["image", "https://play-lh.googleusercontent.com/VC7rta8PIK3MqmQG5c-F5CNJQ6cCv6Eb-kyBoUcQ2xj83dZVhn7YCj_GIWW8y7TnAMjU=w600-h300-pc0xffffff-pd"], ["created_at", "2022-12-06 01:10:38.724161"], ["updated_at", "2022-12-06 01:10:38.724161"]]
  [1m[36mTRANSACTION (2.7ms)[0m  [1m[36mcommit transaction[0m
  [1m[36mTRANSACTION (0.1ms)[0m  [1m[36mbegin transaction[0m
  [1m[36mProfile Create (0.2ms)[0m  [1m[32mINSERT INTO "profiles" ("name", "username", "passcode", "image", "created_at", "updated_at") VALUES (?, ?, ?, ?, ?, ?)[0m  [["name", "Sam"], ["username", "sam123"], ["passcode", "pass123"], ["image", "https://play-lh.googleusercontent.com/VC7rta8PIK3MqmQG5c-F5CNJQ6cCv6Eb-kyBoUcQ2xj83dZVhn7YCj_GIWW8y7TnAMjU=w600-h300-pc0xffffff-pd"], ["created_at", "2022-12-06 01:10:38.730764"], ["updated_at", "2022-12-06 01:10:38.730764"]]
  [1m[36mTRANSACTION (3.0ms)[0m  [1m[36mcommit transaction[0m
  [1m[36mTRANSACTION (0.0ms)[0m  [1m[36mbegin transaction[0m
  [1m[36mProfile Create (0.2ms)[0m  [1m[32mINSERT INTO "profiles" ("name", "username", "passcode", "image", "created_at", "updated_at") VALUES (?, ?, ?, ?, ?, ?)[0m  [["name", "Kate"], ["username", "kate123"], ["passcode", "pass123"], ["image", "https://play-lh.googleusercontent.com/VC7rta8PIK3MqmQG5c-F5CNJQ6cCv6Eb-kyBoUcQ2xj83dZVhn7YCj_GIWW8y7TnAMjU=w600-h300-pc0xffffff-pd"], ["created_at", "2022-12-06 01:10:38.737453"], ["updated_at", "2022-12-06 01:10:38.737453"]]
  [1m[36mTRANSACTION (2.7ms)[0m  [1m[36mcommit transaction[0m
  [1m[36mTRANSACTION (0.1ms)[0m  [1m[36mbegin transaction[0m
  [1m[36mGift Create (0.2ms)[0m  [1m[32mINSERT INTO "gifts" ("name", "price", "image", "created_at", "updated_at") VALUES (?, ?, ?, ?, ?)[0m  [["name", "Iphone"], ["price", 700], ["image", "https://www.apple.com/v/iphone-14/c/images/overview/selfies/selfie_startframe__ex2suisayck2_large.jpg"], ["created_at", "2022-12-06 01:10:38.751118"], ["updated_at", "2022-12-06 01:10:38.751118"]]
  [1m[36mTRANSACTION (3.4ms)[0m  [1m[36mcommit transaction[0m
  [1m[36mTRANSACTION (0.1ms)[0m  [1m[36mbegin transaction[0m
  [1m[36mGift Create (0.6ms)[0m  [1m[32mINSERT INTO "gifts" ("name", "price", "image", "created_at", "updated_at") VALUES (?, ?, ?, ?, ?)[0m  [["name", "Giftcard"], ["price", 25], ["image", "https://encrypted-tbn0.gstatic.com/images?q=tbn:ANd9GcTyXHwOwz3PMHxZSNH9wg2w1vAQjd4FicmB_1tR__glcxTxp4Z07iPOVwbqzkyr-6qTweA&usqp=CAU"], ["created_at", "2022-12-06 01:10:38.758394"], ["updated_at", "2022-12-06 01:10:38.758394"]]
  [1m[36mTRANSACTION (3.2ms)[0m  [1m[36mcommit transaction[0m
  [1m[36mTRANSACTION (0.0ms)[0m  [1m[36mbegin transaction[0m
  [1m[36mGift Create (0.2ms)[0m  [1m[32mINSERT INTO "gifts" ("name", "price", "image", "created_at", "updated_at") VALUES (?, ?, ?, ?, ?)[0m  [["name", "Shoes"], ["price", 100], ["image", "https://cdn.shopify.com/s/files/1/2358/2817/products/air-jordan-4-retro-fire-red-2020-193982.png?v=1638813158"], ["created_at", "2022-12-06 01:10:38.765882"], ["updated_at", "2022-12-06 01:10:38.765882"]]
  [1m[36mTRANSACTION (3.0ms)[0m  [1m[36mcommit transaction[0m
  [1m[36mTRANSACTION (0.0ms)[0m  [1m[36mbegin transaction[0m
  [1m[36mGift Create (0.2ms)[0m  [1m[32mINSERT INTO "gifts" ("name", "price", "image", "created_at", "updated_at") VALUES (?, ?, ?, ?, ?)[0m  [["name", "Woody"], ["price", 30], ["image", "https://encrypted-tbn0.gstatic.com/images?q=tbn:ANd9GcSBM4L6zad7w4E-1oCC_AwpB1Qlt8_u0-RePA&usqp=CAU"], ["created_at", "2022-12-06 01:10:38.772706"], ["updated_at", "2022-12-06 01:10:38.772706"]]
  [1m[36mTRANSACTION (3.0ms)[0m  [1m[36mcommit transaction[0m
  [1m[36mTRANSACTION (0.1ms)[0m  [1m[36mbegin transaction[0m
  [1m[36mGiftDetail Create (0.2ms)[0m  [1m[32mINSERT INTO "gift_details" ("detail", "gift_id", "created_at", "updated_at") VALUES (?, ?, ?, ?)[0m  [["detail", "Iphone 14"], ["gift_id", 1], ["created_at", "2022-12-06 01:10:38.788270"], ["updated_at", "2022-12-06 01:10:38.788270"]]
  [1m[36mTRANSACTION (2.9ms)[0m  [1m[36mcommit transaction[0m
  [1m[36mTRANSACTION (0.1ms)[0m  [1m[36mbegin transaction[0m
  [1m[36mGiftDetail Create (0.2ms)[0m  [1m[32mINSERT INTO "gift_details" ("detail", "gift_id", "created_at", "updated_at") VALUES (?, ?, ?, ?)[0m  [["detail", "Black"], ["gift_id", 1], ["created_at", "2022-12-06 01:10:38.794407"], ["updated_at", "2022-12-06 01:10:38.794407"]]
  [1m[36mTRANSACTION (3.0ms)[0m  [1m[36mcommit transaction[0m
  [1m[36mTRANSACTION (0.0ms)[0m  [1m[36mbegin transaction[0m
  [1m[36mGiftDetail Create (0.2ms)[0m  [1m[32mINSERT INTO "gift_details" ("detail", "gift_id", "created_at", "updated_at") VALUES (?, ?, ?, ?)[0m  [["detail", "128 GB"], ["gift_id", 1], ["created_at", "2022-12-06 01:10:38.800733"], ["updated_at", "2022-12-06 01:10:38.800733"]]
  [1m[36mTRANSACTION (3.1ms)[0m  [1m[36mcommit transaction[0m
  [1m[36mTRANSACTION (0.0ms)[0m  [1m[36mbegin transaction[0m
  [1m[36mGiftDetail Create (0.2ms)[0m  [1m[32mINSERT INTO "gift_details" ("detail", "gift_id", "created_at", "updated_at") VALUES (?, ?, ?, ?)[0m  [["detail", "Walmart Gift Card"], ["gift_id", 2], ["created_at", "2022-12-06 01:10:38.808213"], ["updated_at", "2022-12-06 01:10:38.808213"]]
  [1m[36mTRANSACTION (3.1ms)[0m  [1m[36mcommit transaction[0m
  [1m[36mTRANSACTION (0.0ms)[0m  [1m[36mbegin transaction[0m
  [1m[36mGiftDetail Create (0.2ms)[0m  [1m[32mINSERT INTO "gift_details" ("detail", "gift_id", "created_at", "updated_at") VALUES (?, ?, ?, ?)[0m  [["detail", "Red"], ["gift_id", 2], ["created_at", "2022-12-06 01:10:38.815775"], ["updated_at", "2022-12-06 01:10:38.815775"]]
  [1m[36mTRANSACTION (2.8ms)[0m  [1m[36mcommit transaction[0m
  [1m[36mTRANSACTION (0.0ms)[0m  [1m[36mbegin transaction[0m
  [1m[36mGiftDetail Create (0.2ms)[0m  [1m[32mINSERT INTO "gift_details" ("detail", "gift_id", "created_at", "updated_at") VALUES (?, ?, ?, ?)[0m  [["detail", "Size 10"], ["gift_id", 3], ["created_at", "2022-12-06 01:10:38.822336"], ["updated_at", "2022-12-06 01:10:38.822336"]]
  [1m[36mTRANSACTION (2.6ms)[0m  [1m[36mcommit transaction[0m
  [1m[36mTRANSACTION (0.0ms)[0m  [1m[36mbegin transaction[0m
  [1m[36mGiftDetail Create (0.2ms)[0m  [1m[32mINSERT INTO "gift_details" ("detail", "gift_id", "created_at", "updated_at") VALUES (?, ?, ?, ?)[0m  [["detail", "Air Jordans Retro"], ["gift_id", 3], ["created_at", "2022-12-06 01:10:38.831448"], ["updated_at", "2022-12-06 01:10:38.831448"]]
  [1m[36mTRANSACTION (3.1ms)[0m  [1m[36mcommit transaction[0m
  [1m[36mTRANSACTION (0.0ms)[0m  [1m[36mbegin transaction[0m
  [1m[36mGiftDetail Create (0.2ms)[0m  [1m[32mINSERT INTO "gift_details" ("detail", "gift_id", "created_at", "updated_at") VALUES (?, ?, ?, ?)[0m  [["detail", "Red"], ["gift_id", 3], ["created_at", "2022-12-06 01:10:38.838033"], ["updated_at", "2022-12-06 01:10:38.838033"]]
  [1m[36mTRANSACTION (3.2ms)[0m  [1m[36mcommit transaction[0m
  [1m[36mTRANSACTION (0.1ms)[0m  [1m[36mbegin transaction[0m
  [1m[36mGiftDetail Create (0.2ms)[0m  [1m[32mINSERT INTO "gift_details" ("detail", "gift_id", "created_at", "updated_at") VALUES (?, ?, ?, ?)[0m  [["detail", "Toy"], ["gift_id", 4], ["created_at", "2022-12-06 01:10:38.844803"], ["updated_at", "2022-12-06 01:10:38.844803"]]
  [1m[36mTRANSACTION (2.7ms)[0m  [1m[36mcommit transaction[0m
  [1m[36mTRANSACTION (0.0ms)[0m  [1m[36mbegin transaction[0m
  [1m[36mGiftDetail Create (0.2ms)[0m  [1m[32mINSERT INTO "gift_details" ("detail", "gift_id", "created_at", "updated_at") VALUES (?, ?, ?, ?)[0m  [["detail", "Small"], ["gift_id", 4], ["created_at", "2022-12-06 01:10:38.850899"], ["updated_at", "2022-12-06 01:10:38.850899"]]
  [1m[36mTRANSACTION (3.1ms)[0m  [1m[36mcommit transaction[0m
  [1m[36mTRANSACTION (0.1ms)[0m  [1m[36mbegin transaction[0m
  [1m[36mRate Create (0.3ms)[0m  [1m[32mINSERT INTO "rates" ("rate", "profile_id", "gift_id", "created_at", "updated_at") VALUES (?, ?, ?, ?, ?)[0m  [["rate", 4], ["profile_id", 1], ["gift_id", 1], ["created_at", "2022-12-06 01:10:38.863387"], ["updated_at", "2022-12-06 01:10:38.863387"]]
  [1m[36mTRANSACTION (3.1ms)[0m  [1m[36mcommit transaction[0m
  [1m[36mTRANSACTION (0.0ms)[0m  [1m[36mbegin transaction[0m
  [1m[36mRate Create (0.3ms)[0m  [1m[32mINSERT INTO "rates" ("rate", "profile_id", "gift_id", "created_at", "updated_at") VALUES (?, ?, ?, ?, ?)[0m  [["rate", 3], ["profile_id", 1], ["gift_id", 4], ["created_at", "2022-12-06 01:10:38.870607"], ["updated_at", "2022-12-06 01:10:38.870607"]]
  [1m[36mTRANSACTION (3.3ms)[0m  [1m[36mcommit transaction[0m
  [1m[36mTRANSACTION (0.1ms)[0m  [1m[36mbegin transaction[0m
  [1m[36mRate Create (0.3ms)[0m  [1m[32mINSERT INTO "rates" ("rate", "profile_id", "gift_id", "created_at", "updated_at") VALUES (?, ?, ?, ?, ?)[0m  [["rate", 5], ["profile_id", 2], ["gift_id", 2], ["created_at", "2022-12-06 01:10:38.878257"], ["updated_at", "2022-12-06 01:10:38.878257"]]
  [1m[36mTRANSACTION (3.1ms)[0m  [1m[36mcommit transaction[0m
  [1m[36mTRANSACTION (0.1ms)[0m  [1m[36mbegin transaction[0m
  [1m[36mRate Create (0.2ms)[0m  [1m[32mINSERT INTO "rates" ("rate", "profile_id", "gift_id", "created_at", "updated_at") VALUES (?, ?, ?, ?, ?)[0m  [["rate", 2], ["profile_id", 2], ["gift_id", 3], ["created_at", "2022-12-06 01:10:38.885288"], ["updated_at", "2022-12-06 01:10:38.885288"]]
  [1m[36mTRANSACTION (4.8ms)[0m  [1m[36mcommit transaction[0m
  [1m[36mTRANSACTION (0.0ms)[0m  [1m[36mbegin transaction[0m
  [1m[36mRate Create (0.2ms)[0m  [1m[32mINSERT INTO "rates" ("rate", "profile_id", "gift_id", "created_at", "updated_at") VALUES (?, ?, ?, ?, ?)[0m  [["rate", 4], ["profile_id", 3], ["gift_id", 3], ["created_at", "2022-12-06 01:10:38.893564"], ["updated_at", "2022-12-06 01:10:38.893564"]]
  [1m[36mTRANSACTION (2.9ms)[0m  [1m[36mcommit transaction[0m
  [1m[36mTRANSACTION (0.1ms)[0m  [1m[36mbegin transaction[0m
  [1m[36mWishlist Create (0.3ms)[0m  [1m[32mINSERT INTO "wishlists" ("profile_id", "gift_id", "created_at", "updated_at") VALUES (?, ?, ?, ?)[0m  [["profile_id", 1], ["gift_id", 1], ["created_at", "2022-12-06 01:10:38.906743"], ["updated_at", "2022-12-06 01:10:38.906743"]]
  [1m[36mTRANSACTION (3.0ms)[0m  [1m[36mcommit transaction[0m
  [1m[36mTRANSACTION (0.0ms)[0m  [1m[36mbegin transaction[0m
  [1m[36mWishlist Create (0.2ms)[0m  [1m[32mINSERT INTO "wishlists" ("profile_id", "gift_id", "created_at", "updated_at") VALUES (?, ?, ?, ?)[0m  [["profile_id", 1], ["gift_id", 4], ["created_at", "2022-12-06 01:10:38.913432"], ["updated_at", "2022-12-06 01:10:38.913432"]]
  [1m[36mTRANSACTION (3.0ms)[0m  [1m[36mcommit transaction[0m
